<?xml version="1.0" encoding="UTF-8"?>
<!-- Generated by org.testng.reporters.JUnitReportReporter -->
<testsuite hostname="MSI" failures="0" tests="4" name="testNGExample.DDT_NOPTest" time="28.006" errors="0" timestamp="2024-07-15T13:15:16 IST" skipped="0">
  <testcase classname="testNGExample.DDT_NOPTest" name="VerifyAppWithUserCred" time="6.870"/>
  <system-out/>
  <testcase classname="testNGExample.DDT_NOPTest" name="VerifyAppWithUserCred" time="6.833"/>
  <system-out/>
  <testcase classname="testNGExample.DDT_NOPTest" name="VerifyAppWithUserCred" time="6.893"/>
  <system-out/>
  <testcase classname="testNGExample.DDT_NOPTest" name="VerifyAppWithUserCred" time="7.410"/>
  <system-out/>
</testsuite> <!-- testNGExample.DDT_NOPTest -->
