<?xml version="1.0" encoding="UTF-8"?>
<!-- Generated by org.testng.reporters.JUnitReportReporter -->
<testsuite hostname="MSI" failures="0" tests="5" name="testNGExample.AmazonTest_Priority" time="0.021" errors="0" timestamp="2024-07-15T12:02:26 IST" skipped="0">
  <testcase classname="testNGExample.AmazonTest_Priority" name="login" time="0.014"/>
  <system-out/>
  <testcase classname="testNGExample.AmazonTest_Priority" name="addItems" time="0.002"/>
  <system-out/>
  <testcase classname="testNGExample.AmazonTest_Priority" name="payment" time="0.001"/>
  <system-out/>
  <testcase classname="testNGExample.AmazonTest_Priority" name="cancelOrder" time="0.003"/>
  <system-out/>
  <testcase classname="testNGExample.AmazonTest_Priority" name="logout" time="0.001"/>
  <system-out/>
</testsuite> <!-- testNGExample.AmazonTest_Priority -->
