<?xml version="1.0" encoding="UTF-8"?>
<!-- Generated by org.testng.reporters.JUnitReportReporter -->
<testsuite hostname="MSI" failures="0" tests="4" name="testNGExample.NOPCommApp" time="18.936" errors="0" timestamp="2024-07-16T11:19:51 IST" skipped="0">
  <testcase classname="testNGExample.NOPCommApp" name="verifyLogoutFeature" time="4.401"/>
  <system-out/>
  <testcase classname="testNGExample.NOPCommApp" name="verifyLoginFeature" time="5.560"/>
  <system-out/>
  <testcase classname="testNGExample.NOPCommApp" name="verifyLogoutFeature" time="4.317"/>
  <system-out/>
  <testcase classname="testNGExample.NOPCommApp" name="verifyLoginFeature" time="4.658"/>
  <system-out/>
</testsuite> <!-- testNGExample.NOPCommApp -->
