<?xml version="1.0" encoding="UTF-8"?>
<!-- Generated by org.testng.reporters.JUnitReportReporter -->
<testsuite hostname="MSI" failures="0" tests="3" name="testNGExample.TestNgAnnotationExample" time="0.010" errors="0" timestamp="2024-07-16T11:20:13 IST" skipped="0">
  <testcase classname="testNGExample.TestNgAnnotationExample" name="verifyLogout" time="0.001"/>
  <system-out/>
  <testcase classname="testNGExample.TestNgAnnotationExample" name="verifyLogin" time="0.007"/>
  <system-out/>
  <testcase classname="testNGExample.TestNgAnnotationExample" name="verifypayment" time="0.002"/>
  <system-out/>
</testsuite> <!-- testNGExample.TestNgAnnotationExample -->
