<?xml version="1.0" encoding="UTF-8"?>
<!-- Generated by org.testng.reporters.JUnitReportReporter -->
<testsuite hostname="MSI" failures="0" tests="1" name="tests.LoginTest" time="8.625" errors="0" timestamp="2024-07-26T13:02:53 IST" skipped="0">
  <testcase classname="tests.LoginTest" name="verifyLoginFeature" time="8.625"/>
  <system-out/>
</testsuite> <!-- tests.LoginTest -->
